<?xml version="1.0" encoding="UTF-8"?>
<!-- Generated by org.testng.reporters.JUnitReportReporter -->
<testsuite hostname="DESKTOP-3O1JLKM" failures="0" tests="2" name="regionregressionpractice.RegionalRegression2" time="0.009" errors="0" timestamp="2022-08-17T16:03:34 IST" skipped="0">
  <testcase classname="regionregressionpractice.RegionalRegression2" name="createAccount2" time="0.004"/>
  <system-out/>
  <testcase classname="regionregressionpractice.RegionalRegression2" name="createNomineeAccount2" time="0.005"/>
  <system-out/>
</testsuite> <!-- regionregressionpractice.RegionalRegression2 -->
