<?xml version="1.0" encoding="UTF-8"?>
<!-- Generated by org.testng.reporters.JUnitReportReporter -->
<testsuite hostname="DESKTOP-3O1JLKM" failures="0" tests="2" name="org.smokeandregressionpractice.GroupExecutionPractice" time="0.018" errors="0" timestamp="2022-08-17T15:07:45 IST" skipped="0">
  <testcase classname="org.smokeandregressionpractice.GroupExecutionPractice" name="createNomineeAccount" time="0.010"/>
  <system-out/>
  <testcase classname="org.smokeandregressionpractice.GroupExecutionPractice" name="accountEdit" time="0.008"/>
  <system-out>
    <![CDATA[Account has been edited]]>
  </system-out>
</testsuite> <!-- org.smokeandregressionpractice.GroupExecutionPractice -->
