<?xml version="1.0" encoding="UTF-8"?>
<!-- Generated by org.testng.reporters.JUnitReportReporter -->
<testsuite hostname="DESKTOP-3O1JLKM" failures="0" tests="4" name="org.smokeandregressionpractice.BatchExecutionPractice" time="0.034" errors="0" timestamp="2022-08-17T13:24:37 IST" skipped="0">
  <testcase classname="org.smokeandregressionpractice.BatchExecutionPractice" name="accountDeleted" time="0.016"/>
  <system-out/>
  <testcase classname="org.smokeandregressionpractice.BatchExecutionPractice" name="createAccount" time="0.007"/>
  <system-out/>
  <testcase classname="org.smokeandregressionpractice.BatchExecutionPractice" name="accountEdit" time="0.007"/>
  <system-out>
    <![CDATA[Account has been edited]]>
  </system-out>
  <testcase classname="org.smokeandregressionpractice.BatchExecutionPractice" name="createNomineeAccount" time="0.004"/>
  <system-out/>
</testsuite> <!-- org.smokeandregressionpractice.BatchExecutionPractice -->
