<?xml version="1.0" encoding="UTF-8"?>
<!-- Generated by org.testng.reporters.JUnitReportReporter -->
<testsuite hostname="DESKTOP-3O1JLKM" failures="0" tests="1" name="org.smokeandregressionpractice.RegionalRegressionExecution" time="0.016" errors="0" timestamp="2022-08-17T16:03:34 IST" skipped="0">
  <testcase classname="org.smokeandregressionpractice.RegionalRegressionExecution" name="accountEdit" time="0.016"/>
  <system-out>
    <![CDATA[Account has been edited]]>
  </system-out>
</testsuite> <!-- org.smokeandregressionpractice.RegionalRegressionExecution -->
